<!DOCTYPE html PUBLIC "-//W3C//DTD XHTML 1.1//EN" "https://www.w3.org/TR/xhtml11/DTD/xhtml11.dtd">
<html xmlns="https://www.w3.org/1999/xhtml">
<head>
<meta http-equiv="content-type" content="text/html; charset=UTF-8"/>
<title>TestNG Report</title>
<style type="text/css">table {margin-bottom:10px;border-collapse:collapse;empty-cells:show}th,td {border:1px solid #009;padding:.25em .5em}th {vertical-align:bottom}td {vertical-align:top}table a {font-weight:bold}.stripe td {background-color: #E6EBF9}.num {text-align:right}.passedodd td {background-color: #3F3}.passedeven td {background-color: #0A0}.skippedodd td {background-color: #DDD}.skippedeven td {background-color: #CCC}.failedodd td,.attn {background-color: #F33}.failedeven td,.stripe .attn {background-color: #D00}.stacktrace {white-space:pre;font-family:monospace}.totop {font-size:85%;text-align:center;border-bottom:2px solid #000}.invisible {display:none}</style>
</head>
<body>
<table>
<tr><th>Test</th><th># Passed</th><th># Skipped</th><th># Retried</th><th># Failed</th><th>Time (ms)</th><th>Included Groups</th><th>Excluded Groups</th></tr>
<tr><th colspan="8">All Test Suite</th></tr>
<tr><td><a href="#t0">h</a></td><td class="num">3</td><td class="num attn">1</td><td class="num">0</td><td class="num">0</td><td class="num">376,927</td><td></td><td></td></tr>
</table>
<table id='summary'><thead><tr><th>Class</th><th>Method</th><th>Start</th><th>Time (ms)</th></tr></thead><tbody><tr><th colspan="4">All Test Suite</th></tr></tbody><tbody id="t0"><tr><th colspan="4">h &#8212; failed (configuration methods)</th></tr><tr class="failedeven"><td rowspan="1">Accesories_Decor_Page_Test.Accesories_Decor_Page_Test003</td><td><a href="#m0">closure</a></td><td rowspan="1">1668513792861</td><td rowspan="1">1089</td></tr><tr class="failedodd"><td rowspan="1">Accesories_Decor_Page_Test.Accesories_Decor_Page_Test004</td><td><a href="#m1">closure</a></td><td rowspan="1">1668513917865</td><td rowspan="1">1116</td></tr><tr class="failedeven"><td rowspan="1">Accesories_Decor_Page_Test.Accesories_Decor_Page_Test005</td><td><a href="#m2">closure</a></td><td rowspan="1">1668514004709</td><td rowspan="1">953</td></tr><tr class="failedodd"><td rowspan="1">Accesories_Decor_Page_Test.Accesories_Decor_Page_Test006</td><td><a href="#m3">Open_Application</a></td><td rowspan="1">1668514005663</td><td rowspan="1">51406</td></tr><tr><th colspan="4">h &#8212; skipped (configuration methods)</th></tr><tr class="skippedeven"><td rowspan="1">Accesories_Decor_Page_Test.Accesories_Decor_Page_Test006</td><td><a href="#m4">closure</a></td><td rowspan="1">1668514057077</td><td rowspan="1">0</td></tr><tr><th colspan="4">h &#8212; skipped</th></tr><tr class="skippedeven"><td rowspan="1">Accesories_Decor_Page_Test.Accesories_Decor_Page_Test006</td><td><a href="#m5">Accesories_Decor_Page_Test_Broken_images</a></td><td rowspan="1">1668514057076</td><td rowspan="1">0</td></tr><tr><th colspan="4">h &#8212; passed</th></tr><tr class="passedeven"><td rowspan="1">Accesories_Decor_Page_Test.Accesories_Decor_Page_Test003</td><td><a href="#m6">Accesories_Decor_Page_Category_Dropdown</a></td><td rowspan="1">1668513721686</td><td rowspan="1">71172</td></tr><tr class="passedodd"><td rowspan="1">Accesories_Decor_Page_Test.Accesories_Decor_Page_Test004</td><td><a href="#m7">Accesories_Decor_Page_color</a></td><td rowspan="1">1668513835513</td><td rowspan="1">82352</td></tr><tr class="passedeven"><td rowspan="1">Accesories_Decor_Page_Test.Accesories_Decor_Page_Test005</td><td><a href="#m8">Accesories_Decor_Page_primary_material_dropdown</a></td><td rowspan="1">1668513959838</td><td rowspan="1">44871</td></tr></tbody>
</table>
<h2>h</h2><h3 id="m0">Accesories_Decor_Page_Test.Accesories_Decor_Page_Test003#closure</h3><table class="result"><tr class="param"><th>Parameter #1</th></tr><tr class="param stripe"><td>[TestResult name=Accesories_Decor_Page_Category_Dropdown status=SUCCESS method=Accesories_Decor_Page_Test003.Accesories_Decor_Page_Category_Dropdown()[pri:0, instance:Accesories_Decor_Page_Test.Accesories_Decor_Page_Test003@55536d9e] output={null}]</td></tr><tr><th>Exception</th></tr><tr><td><div class="stacktrace">java.lang.NullPointerException
	at Accesories_Decor_Page_Test.Accesories_Decor_Page_Test003.closure(Accesories_Decor_Page_Test003.java:103)
	at java.base/java.util.ArrayList.forEach(ArrayList.java:1541)
	at java.base/java.util.concurrent.FutureTask.run(FutureTask.java:264)
	at java.base/java.util.concurrent.ThreadPoolExecutor.runWorker(ThreadPoolExecutor.java:1128)
	at java.base/java.util.concurrent.ThreadPoolExecutor$Worker.run(ThreadPoolExecutor.java:628)
	at java.base/java.lang.Thread.run(Thread.java:834)
... Removed 22 stack frames</div></td></tr></table><p class="totop"><a href="#summary">back to summary</a></p>
<h3 id="m1">Accesories_Decor_Page_Test.Accesories_Decor_Page_Test004#closure</h3><table class="result"><tr class="param"><th>Parameter #1</th></tr><tr class="param stripe"><td>[TestResult name=Accesories_Decor_Page_color status=SUCCESS method=Accesories_Decor_Page_Test004.Accesories_Decor_Page_color()[pri:0, instance:Accesories_Decor_Page_Test.Accesories_Decor_Page_Test004@3fb1549b] output={null}]</td></tr><tr><th>Exception</th></tr><tr><td><div class="stacktrace">java.lang.NullPointerException
	at Accesories_Decor_Page_Test.Accesories_Decor_Page_Test004.closure(Accesories_Decor_Page_Test004.java:102)
	at java.base/java.util.ArrayList.forEach(ArrayList.java:1541)
	at java.base/java.util.concurrent.FutureTask.run(FutureTask.java:264)
	at java.base/java.util.concurrent.ThreadPoolExecutor.runWorker(ThreadPoolExecutor.java:1128)
	at java.base/java.util.concurrent.ThreadPoolExecutor$Worker.run(ThreadPoolExecutor.java:628)
	at java.base/java.lang.Thread.run(Thread.java:834)
... Removed 22 stack frames</div></td></tr></table><p class="totop"><a href="#summary">back to summary</a></p>
<h3 id="m2">Accesories_Decor_Page_Test.Accesories_Decor_Page_Test005#closure</h3><table class="result"><tr class="param"><th>Parameter #1</th></tr><tr class="param stripe"><td>[TestResult name=Accesories_Decor_Page_primary_material_dropdown status=SUCCESS method=Accesories_Decor_Page_Test005.Accesories_Decor_Page_primary_material_dropdown()[pri:0, instance:Accesories_Decor_Page_Test.Accesories_Decor_Page_Test005@ea6147e] output={null}]</td></tr><tr><th>Exception</th></tr><tr><td><div class="stacktrace">java.lang.NullPointerException
	at Accesories_Decor_Page_Test.Accesories_Decor_Page_Test005.closure(Accesories_Decor_Page_Test005.java:103)
	at java.base/java.util.ArrayList.forEach(ArrayList.java:1541)
	at java.base/java.util.concurrent.FutureTask.run(FutureTask.java:264)
	at java.base/java.util.concurrent.ThreadPoolExecutor.runWorker(ThreadPoolExecutor.java:1128)
	at java.base/java.util.concurrent.ThreadPoolExecutor$Worker.run(ThreadPoolExecutor.java:628)
	at java.base/java.lang.Thread.run(Thread.java:834)
... Removed 22 stack frames</div></td></tr></table><p class="totop"><a href="#summary">back to summary</a></p>
<h3 id="m3">Accesories_Decor_Page_Test.Accesories_Decor_Page_Test006#Open_Application</h3><table class="result"><tr><th>Exception</th></tr><tr><td><div class="stacktrace">org.openqa.selenium.TimeoutException: timeout: Timed out receiving message from renderer: 48.091
  (Session info: headless chrome=107.0.5304.107)
Build info: version: &apos;4.5.0&apos;, revision: &apos;fe167b119a&apos;
System info: os.name: &apos;Windows 10&apos;, os.arch: &apos;amd64&apos;, os.version: &apos;10.0&apos;, java.version: &apos;11.0.10&apos;
Driver info: org.openqa.selenium.chrome.ChromeDriver
Command: [5d6893dc77969bc4693185016e4ab954, get {url=https://www.evok.in/}]
Capabilities {acceptInsecureCerts: false, browserName: chrome, browserVersion: 107.0.5304.107, chrome: {chromedriverVersion: 107.0.5304.62 (1eec40d3a576..., userDataDir: C:\Users\orange\AppData\Loc...}, goog:chromeOptions: {debuggerAddress: localhost:51942}, networkConnectionEnabled: false, pageLoadStrategy: normal, platformName: WINDOWS, proxy: Proxy(), se:cdp: ws://localhost:51942/devtoo..., se:cdpVersion: 107.0.5304.107, setWindowRect: true, strictFileInteractability: false, timeouts: {implicit: 0, pageLoad: 300000, script: 30000}, unhandledPromptBehavior: dismiss and notify, webauthn:extension:credBlob: true, webauthn:extension:largeBlob: true, webauthn:virtualAuthenticators: true}
Session ID: 5d6893dc77969bc4693185016e4ab954
	at org.openqa.selenium.remote.codec.w3c.W3CHttpResponseCodec.createException(W3CHttpResponseCodec.java:200)
	at org.openqa.selenium.remote.codec.w3c.W3CHttpResponseCodec.decode(W3CHttpResponseCodec.java:133)
	at org.openqa.selenium.remote.codec.w3c.W3CHttpResponseCodec.decode(W3CHttpResponseCodec.java:53)
	at org.openqa.selenium.remote.HttpCommandExecutor.execute(HttpCommandExecutor.java:184)
	at org.openqa.selenium.remote.service.DriverCommandExecutor.invokeExecute(DriverCommandExecutor.java:167)
	at org.openqa.selenium.remote.service.DriverCommandExecutor.execute(DriverCommandExecutor.java:142)
	at org.openqa.selenium.remote.RemoteWebDriver.execute(RemoteWebDriver.java:547)
	at org.openqa.selenium.remote.RemoteWebDriver.get(RemoteWebDriver.java:310)
	at Accesories_Decor_Page_Test.Accesories_Decor_Page_Test006.Open_Application(Accesories_Decor_Page_Test006.java:85)
	at java.base/java.util.ArrayList.forEach(ArrayList.java:1541)
	at java.base/java.util.concurrent.FutureTask.run(FutureTask.java:264)
	at java.base/java.util.concurrent.ThreadPoolExecutor.runWorker(ThreadPoolExecutor.java:1128)
	at java.base/java.util.concurrent.ThreadPoolExecutor$Worker.run(ThreadPoolExecutor.java:628)
	at java.base/java.lang.Thread.run(Thread.java:834)
... Removed 25 stack frames</div></td></tr></table><p class="totop"><a href="#summary">back to summary</a></p>
<h3 id="m4">Accesories_Decor_Page_Test.Accesories_Decor_Page_Test006#closure</h3><table class="result"><tr><th class="invisible"/></tr></table><p class="totop"><a href="#summary">back to summary</a></p>
<h3 id="m5">Accesories_Decor_Page_Test.Accesories_Decor_Page_Test006#Accesories_Decor_Page_Test_Broken_images</h3><table class="result"><tr><th>Exception</th></tr><tr><td><div class="stacktrace">org.openqa.selenium.TimeoutException: timeout: Timed out receiving message from renderer: 48.091
  (Session info: headless chrome=107.0.5304.107)
Build info: version: &apos;4.5.0&apos;, revision: &apos;fe167b119a&apos;
System info: os.name: &apos;Windows 10&apos;, os.arch: &apos;amd64&apos;, os.version: &apos;10.0&apos;, java.version: &apos;11.0.10&apos;
Driver info: org.openqa.selenium.chrome.ChromeDriver
Command: [5d6893dc77969bc4693185016e4ab954, get {url=https://www.evok.in/}]
Capabilities {acceptInsecureCerts: false, browserName: chrome, browserVersion: 107.0.5304.107, chrome: {chromedriverVersion: 107.0.5304.62 (1eec40d3a576..., userDataDir: C:\Users\orange\AppData\Loc...}, goog:chromeOptions: {debuggerAddress: localhost:51942}, networkConnectionEnabled: false, pageLoadStrategy: normal, platformName: WINDOWS, proxy: Proxy(), se:cdp: ws://localhost:51942/devtoo..., se:cdpVersion: 107.0.5304.107, setWindowRect: true, strictFileInteractability: false, timeouts: {implicit: 0, pageLoad: 300000, script: 30000}, unhandledPromptBehavior: dismiss and notify, webauthn:extension:credBlob: true, webauthn:extension:largeBlob: true, webauthn:virtualAuthenticators: true}
Session ID: 5d6893dc77969bc4693185016e4ab954
	at org.openqa.selenium.remote.codec.w3c.W3CHttpResponseCodec.createException(W3CHttpResponseCodec.java:200)
	at org.openqa.selenium.remote.codec.w3c.W3CHttpResponseCodec.decode(W3CHttpResponseCodec.java:133)
	at org.openqa.selenium.remote.codec.w3c.W3CHttpResponseCodec.decode(W3CHttpResponseCodec.java:53)
	at org.openqa.selenium.remote.HttpCommandExecutor.execute(HttpCommandExecutor.java:184)
	at org.openqa.selenium.remote.service.DriverCommandExecutor.invokeExecute(DriverCommandExecutor.java:167)
	at org.openqa.selenium.remote.service.DriverCommandExecutor.execute(DriverCommandExecutor.java:142)
	at org.openqa.selenium.remote.RemoteWebDriver.execute(RemoteWebDriver.java:547)
	at org.openqa.selenium.remote.RemoteWebDriver.get(RemoteWebDriver.java:310)
	at Accesories_Decor_Page_Test.Accesories_Decor_Page_Test006.Open_Application(Accesories_Decor_Page_Test006.java:85)
	at java.base/java.util.ArrayList.forEach(ArrayList.java:1541)
	at java.base/java.util.concurrent.FutureTask.run(FutureTask.java:264)
	at java.base/java.util.concurrent.ThreadPoolExecutor.runWorker(ThreadPoolExecutor.java:1128)
	at java.base/java.util.concurrent.ThreadPoolExecutor$Worker.run(ThreadPoolExecutor.java:628)
	at java.base/java.lang.Thread.run(Thread.java:834)
... Removed 25 stack frames</div></td></tr></table><p class="totop"><a href="#summary">back to summary</a></p>
<h3 id="m6">Accesories_Decor_Page_Test.Accesories_Decor_Page_Test003#Accesories_Decor_Page_Category_Dropdown</h3><table class="result"><tr><th class="invisible"/></tr></table><p class="totop"><a href="#summary">back to summary</a></p>
<h3 id="m7">Accesories_Decor_Page_Test.Accesories_Decor_Page_Test004#Accesories_Decor_Page_color</h3><table class="result"><tr><th class="invisible"/></tr></table><p class="totop"><a href="#summary">back to summary</a></p>
<h3 id="m8">Accesories_Decor_Page_Test.Accesories_Decor_Page_Test005#Accesories_Decor_Page_primary_material_dropdown</h3><table class="result"><tr><th class="invisible"/></tr></table><p class="totop"><a href="#summary">back to summary</a></p>
</body>
</html>
